This is pdfTeX, Version 3.141592653-2.6-1.40.27 (TeX Live 2025) (preloaded format=pdflatex 2026.1.11)  20 FEB 2026 20:38
entering extended mode
 restricted \write18 enabled.
 file:line:error style messages enabled.
 %&-line parsing enabled.
**/Users/abhishekmishra/Library/CloudStorage/Dropbox/repo/Website/public/files/cv.tex
(/Users/abhishekmishra/Library/CloudStorage/Dropbox/repo/Website/public/files/cv.tex
LaTeX2e <2024-11-01> patch level 2
L3 programming layer <2025-01-18>
(/usr/local/texlive/2025/texmf-dist/tex/latex/base/article.cls
Document Class: article 2024/06/29 v1.4n Standard LaTeX document class
(/usr/local/texlive/2025/texmf-dist/tex/latex/base/size11.clo
File: size11.clo 2024/06/29 v1.4n Standard LaTeX file (size option)
)
\c@part=\count196
\c@section=\count197
\c@subsection=\count198
\c@subsubsection=\count199
\c@paragraph=\count266
\c@subparagraph=\count267
\c@figure=\count268
\c@table=\count269
\abovecaptionskip=\skip49
\belowcaptionskip=\skip50
\bibindent=\dimen141
) (/usr/local/texlive/2025/texmf-dist/tex/latex/geometry/geometry.sty
Package: geometry 2020/01/02 v5.9 Page Geometry
 (/usr/local/texlive/2025/texmf-dist/tex/latex/graphics/keyval.sty
Package: keyval 2022/05/29 v1.15 key=value parser (DPC)
\KV@toks@=\toks17
) (/usr/local/texlive/2025/texmf-dist/tex/generic/iftex/ifvtex.sty
Package: ifvtex 2019/10/25 v1.7 ifvtex legacy package. Use iftex instead.
 (/usr/local/texlive/2025/texmf-dist/tex/generic/iftex/iftex.sty
Package: iftex 2024/12/12 v1.0g TeX engine tests
))
\Gm@cnth=\count270
\Gm@cntv=\count271
\c@Gm@tempcnt=\count272
\Gm@bindingoffset=\dimen142
\Gm@wd@mp=\dimen143
\Gm@odd@mp=\dimen144
\Gm@even@mp=\dimen145
\Gm@layoutwidth=\dimen146
\Gm@layoutheight=\dimen147
\Gm@layouthoffset=\dimen148
\Gm@layoutvoffset=\dimen149
\Gm@dimlist=\toks18
) (/usr/local/texlive/2025/texmf-dist/tex/latex/lm/lmodern.sty
Package: lmodern 2015/05/01 v1.6.1 Latin Modern Fonts
LaTeX Font Info:    Overwriting symbol font `operators' in version `normal'
(Font)                  OT1/cmr/m/n --> OT1/lmr/m/n on input line 22.
LaTeX Font Info:    Overwriting symbol font `letters' in version `normal'
(Font)                  OML/cmm/m/it --> OML/lmm/m/it on input line 23.
LaTeX Font Info:    Overwriting symbol font `symbols' in version `normal'
(Font)                  OMS/cmsy/m/n --> OMS/lmsy/m/n on input line 24.
LaTeX Font Info:    Overwriting symbol font `largesymbols' in version `normal'
(Font)                  OMX/cmex/m/n --> OMX/lmex/m/n on input line 25.
LaTeX Font Info:    Overwriting symbol font `operators' in version `bold'
(Font)                  OT1/cmr/bx/n --> OT1/lmr/bx/n on input line 26.
LaTeX Font Info:    Overwriting symbol font `letters' in version `bold'
(Font)                  OML/cmm/b/it --> OML/lmm/b/it on input line 27.
LaTeX Font Info:    Overwriting symbol font `symbols' in version `bold'
(Font)                  OMS/cmsy/b/n --> OMS/lmsy/b/n on input line 28.
LaTeX Font Info:    Overwriting symbol font `largesymbols' in version `bold'
(Font)                  OMX/cmex/m/n --> OMX/lmex/m/n on input line 29.
LaTeX Font Info:    Overwriting math alphabet `\mathbf' in version `normal'
(Font)                  OT1/cmr/bx/n --> OT1/lmr/bx/n on input line 31.
LaTeX Font Info:    Overwriting math alphabet `\mathsf' in version `normal'
(Font)                  OT1/cmss/m/n --> OT1/lmss/m/n on input line 32.
LaTeX Font Info:    Overwriting math alphabet `\mathit' in version `normal'
(Font)                  OT1/cmr/m/it --> OT1/lmr/m/it on input line 33.
LaTeX Font Info:    Overwriting math alphabet `\mathtt' in version `normal'
(Font)                  OT1/cmtt/m/n --> OT1/lmtt/m/n on input line 34.
LaTeX Font Info:    Overwriting math alphabet `\mathbf' in version `bold'
(Font)                  OT1/cmr/bx/n --> OT1/lmr/bx/n on input line 35.
LaTeX Font Info:    Overwriting math alphabet `\mathsf' in version `bold'
(Font)                  OT1/cmss/bx/n --> OT1/lmss/bx/n on input line 36.
LaTeX Font Info:    Overwriting math alphabet `\mathit' in version `bold'
(Font)                  OT1/cmr/bx/it --> OT1/lmr/bx/it on input line 37.
LaTeX Font Info:    Overwriting math alphabet `\mathtt' in version `bold'
(Font)                  OT1/cmtt/m/n --> OT1/lmtt/m/n on input line 38.
) (/usr/local/texlive/2025/texmf-dist/tex/latex/base/fontenc.sty
Package: fontenc 2021/04/29 v2.0v Standard LaTeX package
LaTeX Font Info:    Trying to load font information for T1+lmr on input line 116.
 (/usr/local/texlive/2025/texmf-dist/tex/latex/lm/t1lmr.fd
File: t1lmr.fd 2015/05/01 v1.6.1 Font defs for Latin Modern
)) (/usr/local/texlive/2025/texmf-dist/tex/latex/base/inputenc.sty
Package: inputenc 2024/02/08 v1.3d Input encoding file
\inpenc@prehook=\toks19
\inpenc@posthook=\toks20
) (/usr/local/texlive/2025/texmf-dist/tex/latex/hyperref/hyperref.sty
Package: hyperref 2024-11-05 v7.01l Hypertext links for LaTeX
 (/usr/local/texlive/2025/texmf-dist/tex/latex/kvsetkeys/kvsetkeys.sty
Package: kvsetkeys 2022-10-05 v1.19 Key value parser (HO)
) (/usr/local/texlive/2025/texmf-dist/tex/generic/kvdefinekeys/kvdefinekeys.sty
Package: kvdefinekeys 2019-12-19 v1.6 Define keys (HO)
) (/usr/local/texlive/2025/texmf-dist/tex/generic/pdfescape/pdfescape.sty
Package: pdfescape 2019/12/09 v1.15 Implements pdfTeX's escape features (HO)
 (/usr/local/texlive/2025/texmf-dist/tex/generic/ltxcmds/ltxcmds.sty
Package: ltxcmds 2023-12-04 v1.26 LaTeX kernel commands for general use (HO)
) (/usr/local/texlive/2025/texmf-dist/tex/generic/pdftexcmds/pdftexcmds.sty
Package: pdftexcmds 2020-06-27 v0.33 Utility functions of pdfTeX for LuaTeX (HO)
 (/usr/local/texlive/2025/texmf-dist/tex/generic/infwarerr/infwarerr.sty
Package: infwarerr 2019/12/03 v1.5 Providing info/warning/error messages (HO)
)
Package pdftexcmds Info: \pdf@primitive is available.
Package pdftexcmds Info: \pdf@ifprimitive is available.
Package pdftexcmds Info: \pdfdraftmode found.
)) (/usr/local/texlive/2025/texmf-dist/tex/latex/hycolor/hycolor.sty
Package: hycolor 2020-01-27 v1.10 Color options for hyperref/bookmark (HO)
) (/usr/local/texlive/2025/texmf-dist/tex/latex/hyperref/nameref.sty
Package: nameref 2023-11-26 v2.56 Cross-referencing by name of section
 (/usr/local/texlive/2025/texmf-dist/tex/latex/refcount/refcount.sty
Package: refcount 2019/12/15 v3.6 Data extraction from label references (HO)
) (/usr/local/texlive/2025/texmf-dist/tex/generic/gettitlestring/gettitlestring.sty
Package: gettitlestring 2019/12/15 v1.6 Cleanup title references (HO)
 (/usr/local/texlive/2025/texmf-dist/tex/latex/kvoptions/kvoptions.sty
Package: kvoptions 2022-06-15 v3.15 Key value format for package options (HO)
))
\c@section@level=\count273
) (/usr/local/texlive/2025/texmf-dist/tex/latex/etoolbox/etoolbox.sty
Package: etoolbox 2025/02/11 v2.5l e-TeX tools for LaTeX (JAW)
\etb@tempcnta=\count274
) (/usr/local/texlive/2025/texmf-dist/tex/generic/stringenc/stringenc.sty
Package: stringenc 2019/11/29 v1.12 Convert strings between diff. encodings (HO)
)
\@linkdim=\dimen150
\Hy@linkcounter=\count275
\Hy@pagecounter=\count276
 (/usr/local/texlive/2025/texmf-dist/tex/latex/hyperref/pd1enc.def
File: pd1enc.def 2024-11-05 v7.01l Hyperref: PDFDocEncoding definition (HO)
Now handling font encoding PD1 ...
... no UTF-8 mapping file for font encoding PD1
) (/usr/local/texlive/2025/texmf-dist/tex/generic/intcalc/intcalc.sty
Package: intcalc 2019/12/15 v1.3 Expandable calculations with integers (HO)
)
\Hy@SavedSpaceFactor=\count277
 (/usr/local/texlive/2025/texmf-dist/tex/latex/hyperref/puenc.def
File: puenc.def 2024-11-05 v7.01l Hyperref: PDF Unicode definition (HO)
Now handling font encoding PU ...
... no UTF-8 mapping file for font encoding PU
)
Package hyperref Info: Hyper figures OFF on input line 4157.
Package hyperref Info: Link nesting OFF on input line 4162.
Package hyperref Info: Hyper index ON on input line 4165.
Package hyperref Info: Plain pages OFF on input line 4172.
Package hyperref Info: Backreferencing OFF on input line 4177.
Package hyperref Info: Implicit mode ON; LaTeX internals redefined.
Package hyperref Info: Bookmarks ON on input line 4424.
\c@Hy@tempcnt=\count278
 (/usr/local/texlive/2025/texmf-dist/tex/latex/url/url.sty
\Urlmuskip=\muskip17
Package: url 2013/09/16  ver 3.4  Verb mode for urls, etc.
)
LaTeX Info: Redefining \url on input line 4763.
\XeTeXLinkMargin=\dimen151
 (/usr/local/texlive/2025/texmf-dist/tex/generic/bitset/bitset.sty
Package: bitset 2019/12/09 v1.3 Handle bit-vector datatype (HO)
 (/usr/local/texlive/2025/texmf-dist/tex/generic/bigintcalc/bigintcalc.sty
Package: bigintcalc 2019/12/15 v1.5 Expandable calculations on big integers (HO)
))
\Fld@menulength=\count279
\Field@Width=\dimen152
\Fld@charsize=\dimen153
Package hyperref Info: Hyper figures OFF on input line 6042.
Package hyperref Info: Link nesting OFF on input line 6047.
Package hyperref Info: Hyper index ON on input line 6050.
Package hyperref Info: backreferencing OFF on input line 6057.
Package hyperref Info: Link coloring OFF on input line 6062.
Package hyperref Info: Link coloring with OCG OFF on input line 6067.
Package hyperref Info: PDF/A mode OFF on input line 6072.
 (/usr/local/texlive/2025/texmf-dist/tex/latex/base/atbegshi-ltx.sty
Package: atbegshi-ltx 2021/01/10 v1.0c Emulation of the original atbegshi
package with kernel methods
)
\Hy@abspage=\count280
\c@Item=\count281
\c@Hfootnote=\count282
)
Package hyperref Info: Driver (autodetected): hpdftex.
 (/usr/local/texlive/2025/texmf-dist/tex/latex/hyperref/hpdftex.def
File: hpdftex.def 2024-11-05 v7.01l Hyperref driver for pdfTeX
 (/usr/local/texlive/2025/texmf-dist/tex/latex/base/atveryend-ltx.sty
Package: atveryend-ltx 2020/08/19 v1.0a Emulation of the original atveryend package
with kernel methods
)
\Fld@listcount=\count283
\c@bookmark@seq@number=\count284
 (/usr/local/texlive/2025/texmf-dist/tex/latex/rerunfilecheck/rerunfilecheck.sty
Package: rerunfilecheck 2022-07-10 v1.10 Rerun checks for auxiliary files (HO)
 (/usr/local/texlive/2025/texmf-dist/tex/generic/uniquecounter/uniquecounter.sty
Package: uniquecounter 2019/12/15 v1.4 Provide unlimited unique counter (HO)
)
Package uniquecounter Info: New unique counter `rerunfilecheck' on input line 285.
)
\Hy@SectionHShift=\skip51
) (/usr/local/texlive/2025/texmf-dist/tex/latex/xcolor/xcolor.sty
Package: xcolor 2024/09/29 v3.02 LaTeX color extensions (UK)
 (/usr/local/texlive/2025/texmf-dist/tex/latex/graphics-cfg/color.cfg
File: color.cfg 2016/01/02 v1.6 sample color configuration
)
Package xcolor Info: Driver file: pdftex.def on input line 274.
 (/usr/local/texlive/2025/texmf-dist/tex/latex/graphics-def/pdftex.def
File: pdftex.def 2024/04/13 v1.2c Graphics/color driver for pdftex
) (/usr/local/texlive/2025/texmf-dist/tex/latex/graphics/mathcolor.ltx)
Package xcolor Info: Model `cmy' substituted by `cmy0' on input line 1349.
Package xcolor Info: Model `hsb' substituted by `rgb' on input line 1353.
Package xcolor Info: Model `RGB' extended on input line 1365.
Package xcolor Info: Model `HTML' substituted by `rgb' on input line 1367.
Package xcolor Info: Model `Hsb' substituted by `hsb' on input line 1368.
Package xcolor Info: Model `tHsb' substituted by `hsb' on input line 1369.
Package xcolor Info: Model `HSB' substituted by `hsb' on input line 1370.
Package xcolor Info: Model `Gray' substituted by `gray' on input line 1371.
Package xcolor Info: Model `wave' substituted by `hsb' on input line 1372.
) (/usr/local/texlive/2025/texmf-dist/tex/latex/titlesec/titlesec.sty
Package: titlesec 2025/01/04 v2.17 Sectioning titles
\ttl@box=\box52
\beforetitleunit=\skip52
\aftertitleunit=\skip53
\ttl@plus=\dimen154
\ttl@minus=\dimen155
\ttl@toksa=\toks21
\titlewidth=\dimen156
\titlewidthlast=\dimen157
\titlewidthfirst=\dimen158
) (/usr/local/texlive/2025/texmf-dist/tex/latex/enumitem/enumitem.sty
Package: enumitem 2025/02/06 v3.11 Customized lists
\labelindent=\skip54
\enit@outerparindent=\dimen159
\enit@toks=\toks22
\enit@inbox=\box53
\enit@count@id=\count285
\enitdp@description=\count286
) (/usr/local/texlive/2025/texmf-dist/tex/latex/tools/tabularx.sty
Package: tabularx 2023/12/11 v2.12a `tabularx' package (DPC)
 (/usr/local/texlive/2025/texmf-dist/tex/latex/tools/array.sty
Package: array 2024/10/17 v2.6g Tabular extension package (FMi)
\col@sep=\dimen160
\ar@mcellbox=\box54
\extrarowheight=\dimen161
\NC@list=\toks23
\extratabsurround=\skip55
\backup@length=\skip56
\ar@cellbox=\box55
)
\TX@col@width=\dimen162
\TX@old@table=\dimen163
\TX@old@col=\dimen164
\TX@target=\dimen165
\TX@delta=\dimen166
\TX@cols=\count287
\TX@ftn=\toks24
) (/usr/local/texlive/2025/texmf-dist/tex/latex/tools/multicol.sty
Package: multicol 2024/09/14 v1.9i multicolumn formatting (FMi)
\c@tracingmulticols=\count288
\mult@box=\box56
\multicol@leftmargin=\dimen167
\c@unbalance=\count289
\c@collectmore=\count290
\doublecol@number=\count291
\multicoltolerance=\count292
\multicolpretolerance=\count293
\full@width=\dimen168
\page@free=\dimen169
\premulticols=\dimen170
\postmulticols=\dimen171
\multicolsep=\skip57
\multicolbaselineskip=\skip58
\partial@page=\box57
\last@line=\box58
\mc@boxedresult=\box59
\maxbalancingoverflow=\dimen172
\mult@rightbox=\box60
\mult@grightbox=\box61
\mult@firstbox=\box62
\mult@gfirstbox=\box63
\@tempa=\box64
\@tempa=\box65
\@tempa=\box66
\@tempa=\box67
\@tempa=\box68
\@tempa=\box69
\@tempa=\box70
\@tempa=\box71
\@tempa=\box72
\@tempa=\box73
\@tempa=\box74
\@tempa=\box75
\@tempa=\box76
\@tempa=\box77
\@tempa=\box78
\@tempa=\box79
\@tempa=\box80
\@tempa=\box81
\@tempa=\box82
\@tempa=\box83
\@tempa=\box84
\@tempa=\box85
\@tempa=\box86
\@tempa=\box87
\@tempa=\box88
\@tempa=\box89
\@tempa=\box90
\@tempa=\box91
\@tempa=\box92
\@tempa=\box93
\@tempa=\box94
\@tempa=\box95
\@tempa=\box96
\@tempa=\box97
\@tempa=\box98
\@tempa=\box99
\c@minrows=\count294
\c@columnbadness=\count295
\c@finalcolumnbadness=\count296
\last@try=\dimen173
\multicolovershoot=\dimen174
\multicolundershoot=\dimen175
\mult@nat@firstbox=\box100
\colbreak@box=\box101
\mc@col@check@num=\count297
) (/usr/local/texlive/2025/texmf-dist/tex/latex/parskip/parskip.sty
Package: parskip 2021-03-14 v2.0h non-zero parskip adjustments
)
Package hyperref Info: Option `colorlinks' set `true' on input line 26.
 (/usr/local/texlive/2025/texmf-dist/tex/latex/l3backend/l3backend-pdftex.def
File: l3backend-pdftex.def 2024-05-08 L3 backend support: PDF output (pdfTeX)
\l__color_backend_stack_int=\count298
\l__pdf_internal_box=\box102
)
No file cv.aux.
\openout1 = `cv.aux'.

LaTeX Font Info:    Checking defaults for OML/cmm/m/it on input line 68.
LaTeX Font Info:    ... okay on input line 68.
LaTeX Font Info:    Checking defaults for OMS/cmsy/m/n on input line 68.
LaTeX Font Info:    ... okay on input line 68.
LaTeX Font Info:    Checking defaults for OT1/cmr/m/n on input line 68.
LaTeX Font Info:    ... okay on input line 68.
LaTeX Font Info:    Checking defaults for T1/cmr/m/n on input line 68.
LaTeX Font Info:    ... okay on input line 68.
LaTeX Font Info:    Checking defaults for TS1/cmr/m/n on input line 68.
LaTeX Font Info:    ... okay on input line 68.
LaTeX Font Info:    Checking defaults for OMX/cmex/m/n on input line 68.
LaTeX Font Info:    ... okay on input line 68.
LaTeX Font Info:    Checking defaults for U/cmr/m/n on input line 68.
LaTeX Font Info:    ... okay on input line 68.
LaTeX Font Info:    Checking defaults for PD1/pdf/m/n on input line 68.
LaTeX Font Info:    ... okay on input line 68.
LaTeX Font Info:    Checking defaults for PU/pdf/m/n on input line 68.
LaTeX Font Info:    ... okay on input line 68.
*geometry* driver: auto-detecting
*geometry* detected driver: pdftex
*geometry* verbose mode - [ preamble ] result:
* driver: pdftex
* paper: a4paper
* layout: <same size as paper>
* layoutoffset:(h,v)=(0.0pt,0.0pt)
* modes: 
* h-part:(L,W,R)=(50.58878pt, 496.33032pt, 50.58878pt)
* v-part:(T,H,B)=(43.36243pt, 758.32199pt, 43.36243pt)
* \paperwidth=597.50787pt
* \paperheight=845.04684pt
* \textwidth=496.33032pt
* \textheight=758.32199pt
* \oddsidemargin=-21.68121pt
* \evensidemargin=-21.68121pt
* \topmargin=-65.90756pt
* \headheight=12.0pt
* \headsep=25.0pt
* \topskip=11.0pt
* \footskip=30.0pt
* \marginparwidth=50.0pt
* \marginparsep=10.0pt
* \columnsep=10.0pt
* \skip\footins=10.0pt plus 4.0pt minus 2.0pt
* \hoffset=0.0pt
* \voffset=0.0pt
* \mag=1000
* \@twocolumnfalse
* \@twosidefalse
* \@mparswitchfalse
* \@reversemarginfalse
* (1in=72.27pt=25.4mm, 1cm=28.453pt)

Package hyperref Info: Link coloring ON on input line 68.
\@outlinefile=\write3
\openout3 = `cv.out'.

(/usr/local/texlive/2025/texmf-dist/tex/context/base/mkii/supp-pdf.mkii
[Loading MPS to PDF converter (version 2006.09.02).]
\scratchcounter=\count299
\scratchdimen=\dimen176
\scratchbox=\box103
\nofMPsegments=\count300
\nofMParguments=\count301
\everyMPshowfont=\toks25
\MPscratchCnt=\count302
\MPscratchDim=\dimen177
\MPnumerator=\count303
\makeMPintoPDFobject=\count304
\everyMPtoPDFconversion=\toks26
) (/usr/local/texlive/2025/texmf-dist/tex/latex/lm/ot1lmr.fd) (/usr/local/texlive/2025/texmf-dist/tex/latex/lm/omllmm.fd) (/usr/local/texlive/2025/texmf-dist/tex/latex/lm/omslmsy.fd) (/usr/local/texlive/2025/texmf-dist/tex/latex/lm/omxlmex.fd)
/Users/abhishekmishra/Library/CloudStorage/Dropbox/repo/Website/public/files/cv.tex:92: Package array Error:  Illegal pream-token (\color{ruleblue}\vrule width 0.5pt): `c' used.

See the array package documentation for explanation.
Type  H <return>  for immediate help.
 ...                                              
                                                  
l.92 }
      
Try typing  <return>  to proceed.
If that doesn't work, type  X <return>  to quit.


/Users/abhishekmishra/Library/CloudStorage/Dropbox/repo/Website/public/files/cv.tex:92: Package array Error:  Illegal pream-token (\color{ruleblue}\vrule width 0.5pt): `c' used.

See the array package documentation for explanation.
Type  H <return>  for immediate help.
 ...                                              
                                                  
l.92 }
      
Try typing  <return>  to proceed.
If that doesn't work, type  X <return>  to quit.


Underfull \hbox (badness 10000) in alignment at lines 92--92
[][][]
 []


Underfull \hbox (badness 10000) in paragraph at lines 92--93

 []

/Users/abhishekmishra/Library/CloudStorage/Dropbox/repo/Website/public/files/cv.tex:96: Package array Error:  Illegal pream-token (\color{ruleblue}\vrule width 0.5pt): `c' used.

See the array package documentation for explanation.
Type  H <return>  for immediate help.
 ...                                              
                                                  
l.96 }
      
Try typing  <return>  to proceed.
If that doesn't work, type  X <return>  to quit.


/Users/abhishekmishra/Library/CloudStorage/Dropbox/repo/Website/public/files/cv.tex:96: Package array Error:  Illegal pream-token (\color{ruleblue}\vrule width 0.5pt): `c' used.

See the array package documentation for explanation.
Type  H <return>  for immediate help.
 ...                                              
                                                  
l.96 }
      
Try typing  <return>  to proceed.
If that doesn't work, type  X <return>  to quit.


Underfull \hbox (badness 10000) in alignment at lines 96--96
[][][]
 []


Underfull \hbox (badness 10000) in paragraph at lines 96--97

 []

/Users/abhishekmishra/Library/CloudStorage/Dropbox/repo/Website/public/files/cv.tex:111: Package array Error:  Illegal pream-token (\color{ruleblue}\vrule width 0.5pt): `c' used.

See the array package documentation for explanation.
Type  H <return>  for immediate help.
 ...                                              
                                                  
l.111 }
       
Try typing  <return>  to proceed.
If that doesn't work, type  X <return>  to quit.


/Users/abhishekmishra/Library/CloudStorage/Dropbox/repo/Website/public/files/cv.tex:111: Package array Error:  Illegal pream-token (\color{ruleblue}\vrule width 0.5pt): `c' used.

See the array package documentation for explanation.
Type  H <return>  for immediate help.
 ...                                              
                                                  
l.111 }
       
Try typing  <return>  to proceed.
If that doesn't work, type  X <return>  to quit.


Underfull \hbox (badness 10000) in alignment at lines 111--111
[][][]
 []

/Users/abhishekmishra/Library/CloudStorage/Dropbox/repo/Website/public/files/cv.tex:115: Package array Error:  Illegal pream-token (\color{ruleblue}\vrule width 0.5pt): `c' used.

See the array package documentation for explanation.
Type  H <return>  for immediate help.
 ...                                              
                                                  
l.115 }
       
Try typing  <return>  to proceed.
If that doesn't work, type  X <return>  to quit.


/Users/abhishekmishra/Library/CloudStorage/Dropbox/repo/Website/public/files/cv.tex:115: Package array Error:  Illegal pream-token (\color{ruleblue}\vrule width 0.5pt): `c' used.

See the array package documentation for explanation.
Type  H <return>  for immediate help.
 ...                                              
                                                  
l.115 }
       
Try typing  <return>  to proceed.
If that doesn't work, type  X <return>  to quit.


Underfull \hbox (badness 10000) in alignment at lines 115--115
[][][]
 []


Underfull \hbox (badness 10000) in paragraph at lines 111--116

 []

/Users/abhishekmishra/Library/CloudStorage/Dropbox/repo/Website/public/files/cv.tex:128: Package array Error:  Illegal pream-token (\color{ruleblue}\vrule width 0.5pt): `c' used.

See the array package documentation for explanation.
Type  H <return>  for immediate help.
 ...                                              
                                                  
l.128 }
       
Try typing  <return>  to proceed.
If that doesn't work, type  X <return>  to quit.


Package tabularx Warning: X Columns too narrow (table too wide)
(tabularx)                 on input line 128.


/Users/abhishekmishra/Library/CloudStorage/Dropbox/repo/Website/public/files/cv.tex:128: Package array Error:  Illegal pream-token (\color{ruleblue}\vrule width 0.5pt): `c' used.

See the array package documentation for explanation.
Type  H <return>  for immediate help.
 ...                                              
                                                  
l.128 }
       
Try typing  <return>  to proceed.
If that doesn't work, type  X <return>  to quit.


Underfull \hbox (badness 10000) in paragraph at lines 128--128
[]|\T1/lmr/m/n/10 Aug 2021--
 []


Overfull \hbox (1950.04507pt too wide) in alignment at lines 128--128
[][][]
 []


Underfull \hbox (badness 10000) in paragraph at lines 128--129

 []

/Users/abhishekmishra/Library/CloudStorage/Dropbox/repo/Website/public/files/cv.tex:135: Package array Error:  Illegal pream-token (\color{ruleblue}\vrule width 0.5pt): `c' used.

See the array package documentation for explanation.
Type  H <return>  for immediate help.
 ...                                              
                                                  
l.135 }
       
Try typing  <return>  to proceed.
If that doesn't work, type  X <return>  to quit.


Package tabularx Warning: X Columns too narrow (table too wide)
(tabularx)                 on input line 135.


/Users/abhishekmishra/Library/CloudStorage/Dropbox/repo/Website/public/files/cv.tex:135: Package array Error:  Illegal pream-token (\color{ruleblue}\vrule width 0.5pt): `c' used.

See the array package documentation for explanation.
Type  H <return>  for immediate help.
 ...                                              
                                                  
l.135 }
       
Try typing  <return>  to proceed.
If that doesn't work, type  X <return>  to quit.


Underfull \hbox (badness 10000) in paragraph at lines 135--135
[]|\T1/lmr/m/n/10 Aug -- Dec
 []


Overfull \hbox (900.57178pt too wide) in alignment at lines 135--135
[][][]
 []


Underfull \hbox (badness 10000) in paragraph at lines 135--136

 []

/Users/abhishekmishra/Library/CloudStorage/Dropbox/repo/Website/public/files/cv.tex:143: Package array Error:  Illegal pream-token (\color{ruleblue}\vrule width 0.5pt): `c' used.

See the array package documentation for explanation.
Type  H <return>  for immediate help.
 ...                                              
                                                  
l.143 }
       
Try typing  <return>  to proceed.
If that doesn't work, type  X <return>  to quit.


Package tabularx Warning: X Columns too narrow (table too wide)
(tabularx)                 on input line 143.


/Users/abhishekmishra/Library/CloudStorage/Dropbox/repo/Website/public/files/cv.tex:143: Package array Error:  Illegal pream-token (\color{ruleblue}\vrule width 0.5pt): `c' used.

See the array package documentation for explanation.
Type  H <return>  for immediate help.
 ...                                              
                                                  
l.143 }
       
Try typing  <return>  to proceed.
If that doesn't work, type  X <return>  to quit.


Underfull \hbox (badness 10000) in paragraph at lines 143--143
[]|\T1/lmr/m/n/10 Dec 2021--
 []


Overfull \hbox (1254.55788pt too wide) in alignment at lines 143--143
[][][]
 []


Underfull \hbox (badness 10000) in paragraph at lines 143--144

 []



[1

{/usr/local/texlive/2025/texmf-var/fonts/map/pdftex/updmap/pdftex.map}{/usr/local/texlive/2025/texmf-dist/fonts/enc/dvips/lm/lm-ec.enc}{/usr/local/texlive/2025/texmf-dist/fonts/enc/dvips/lm/lm-mathsy.enc}]
/Users/abhishekmishra/Library/CloudStorage/Dropbox/repo/Website/public/files/cv.tex:156: Package array Error:  Illegal pream-token (\color{ruleblue}\vrule width 0.5pt): `c' used.

See the array package documentation for explanation.
Type  H <return>  for immediate help.
 ...                                              
                                                  
l.156 }
       
Try typing  <return>  to proceed.
If that doesn't work, type  X <return>  to quit.


Package tabularx Warning: X Columns too narrow (table too wide)
(tabularx)                 on input line 156.


/Users/abhishekmishra/Library/CloudStorage/Dropbox/repo/Website/public/files/cv.tex:156: Package array Error:  Illegal pream-token (\color{ruleblue}\vrule width 0.5pt): `c' used.

See the array package documentation for explanation.
Type  H <return>  for immediate help.
 ...                                              
                                                  
l.156 }
       
Try typing  <return>  to proceed.
If that doesn't work, type  X <return>  to quit.


Overfull \hbox (1065.53413pt too wide) in alignment at lines 156--156
[][][]
 []


Underfull \hbox (badness 10000) in paragraph at lines 156--157

 []

/Users/abhishekmishra/Library/CloudStorage/Dropbox/repo/Website/public/files/cv.tex:163: Package array Error:  Illegal pream-token (\color{ruleblue}\vrule width 0.5pt): `c' used.

See the array package documentation for explanation.
Type  H <return>  for immediate help.
 ...                                              
                                                  
l.163 }
       
Try typing  <return>  to proceed.
If that doesn't work, type  X <return>  to quit.


Package tabularx Warning: X Columns too narrow (table too wide)
(tabularx)                 on input line 163.


/Users/abhishekmishra/Library/CloudStorage/Dropbox/repo/Website/public/files/cv.tex:163: Package array Error:  Illegal pream-token (\color{ruleblue}\vrule width 0.5pt): `c' used.

See the array package documentation for explanation.
Type  H <return>  for immediate help.
 ...                                              
                                                  
l.163 }
       
Try typing  <return>  to proceed.
If that doesn't work, type  X <return>  to quit.


Overfull \hbox (883.11443pt too wide) in alignment at lines 163--163
[][][]
 []


Underfull \hbox (badness 10000) in paragraph at lines 163--164

 []

/Users/abhishekmishra/Library/CloudStorage/Dropbox/repo/Website/public/files/cv.tex:171: Package array Error:  Illegal pream-token (\color{ruleblue}\vrule width 0.5pt): `c' used.

See the array package documentation for explanation.
Type  H <return>  for immediate help.
 ...                                              
                                                  
l.171 }
       
Try typing  <return>  to proceed.
If that doesn't work, type  X <return>  to quit.


Package tabularx Warning: X Columns too narrow (table too wide)
(tabularx)                 on input line 171.


/Users/abhishekmishra/Library/CloudStorage/Dropbox/repo/Website/public/files/cv.tex:171: Package array Error:  Illegal pream-token (\color{ruleblue}\vrule width 0.5pt): `c' used.

See the array package documentation for explanation.
Type  H <return>  for immediate help.
 ...                                              
                                                  
l.171 }
       
Try typing  <return>  to proceed.
If that doesn't work, type  X <return>  to quit.


Overfull \hbox (1256.62639pt too wide) in alignment at lines 171--171
[][][]
 []


Underfull \hbox (badness 10000) in paragraph at lines 171--172

 []

/Users/abhishekmishra/Library/CloudStorage/Dropbox/repo/Website/public/files/cv.tex:178: Package array Error:  Illegal pream-token (\color{ruleblue}\vrule width 0.5pt): `c' used.

See the array package documentation for explanation.
Type  H <return>  for immediate help.
 ...                                              
                                                  
l.178 }
       
Try typing  <return>  to proceed.
If that doesn't work, type  X <return>  to quit.


/Users/abhishekmishra/Library/CloudStorage/Dropbox/repo/Website/public/files/cv.tex:178: Package array Error:  Illegal pream-token (\color{ruleblue}\vrule width 0.5pt): `c' used.

See the array package documentation for explanation.
Type  H <return>  for immediate help.
 ...                                              
                                                  
l.178 }
       
Try typing  <return>  to proceed.
If that doesn't work, type  X <return>  to quit.


Underfull \hbox (badness 10000) in alignment at lines 178--178
[][][]
 []

/Users/abhishekmishra/Library/CloudStorage/Dropbox/repo/Website/public/files/cv.tex:182: Package array Error:  Illegal pream-token (\color{ruleblue}\vrule width 0.5pt): `c' used.

See the array package documentation for explanation.
Type  H <return>  for immediate help.
 ...                                              
                                                  
l.182 }
       
Try typing  <return>  to proceed.
If that doesn't work, type  X <return>  to quit.


/Users/abhishekmishra/Library/CloudStorage/Dropbox/repo/Website/public/files/cv.tex:182: Package array Error:  Illegal pream-token (\color{ruleblue}\vrule width 0.5pt): `c' used.

See the array package documentation for explanation.
Type  H <return>  for immediate help.
 ...                                              
                                                  
l.182 }
       
Try typing  <return>  to proceed.
If that doesn't work, type  X <return>  to quit.


Underfull \hbox (badness 10000) in alignment at lines 182--182
[][][]
 []


Underfull \hbox (badness 10000) in paragraph at lines 178--183

 []

/Users/abhishekmishra/Library/CloudStorage/Dropbox/repo/Website/public/files/cv.tex:189: Package array Error:  Illegal pream-token (\color{ruleblue}\vrule width 0.5pt): `c' used.

See the array package documentation for explanation.
Type  H <return>  for immediate help.
 ...                                              
                                                  
l.189 }
       
Try typing  <return>  to proceed.
If that doesn't work, type  X <return>  to quit.


/Users/abhishekmishra/Library/CloudStorage/Dropbox/repo/Website/public/files/cv.tex:189: Package array Error:  Illegal pream-token (\color{ruleblue}\vrule width 0.5pt): `c' used.

See the array package documentation for explanation.
Type  H <return>  for immediate help.
 ...                                              
                                                  
l.189 }
       
Try typing  <return>  to proceed.
If that doesn't work, type  X <return>  to quit.


Underfull \hbox (badness 10000) in alignment at lines 189--189
[][][]
 []


Underfull \hbox (badness 10000) in paragraph at lines 189--190

 []

/Users/abhishekmishra/Library/CloudStorage/Dropbox/repo/Website/public/files/cv.tex:196: Package array Error:  Illegal pream-token (\color{ruleblue}\vrule width 0.5pt): `c' used.

See the array package documentation for explanation.
Type  H <return>  for immediate help.
 ...                                              
                                                  
l.196 }
       
Try typing  <return>  to proceed.
If that doesn't work, type  X <return>  to quit.


/Users/abhishekmishra/Library/CloudStorage/Dropbox/repo/Website/public/files/cv.tex:196: Package array Error:  Illegal pream-token (\color{ruleblue}\vrule width 0.5pt): `c' used.

See the array package documentation for explanation.
Type  H <return>  for immediate help.
 ...                                              
                                                  
l.196 }
       
Try typing  <return>  to proceed.
If that doesn't work, type  X <return>  to quit.


Underfull \hbox (badness 10000) in alignment at lines 196--196
[][][]
 []


Underfull \hbox (badness 10000) in paragraph at lines 196--197

 []

/Users/abhishekmishra/Library/CloudStorage/Dropbox/repo/Website/public/files/cv.tex:200: Package array Error:  Illegal pream-token (\color{ruleblue}\vrule width 0.5pt): `c' used.

See the array package documentation for explanation.
Type  H <return>  for immediate help.
 ...                                              
                                                  
l.200 }
       
Try typing  <return>  to proceed.
If that doesn't work, type  X <return>  to quit.


/Users/abhishekmishra/Library/CloudStorage/Dropbox/repo/Website/public/files/cv.tex:200: Package array Error:  Illegal pream-token (\color{ruleblue}\vrule width 0.5pt): `c' used.

See the array package documentation for explanation.
Type  H <return>  for immediate help.
 ...                                              
                                                  
l.200 }
       
Try typing  <return>  to proceed.
If that doesn't work, type  X <return>  to quit.


Underfull \hbox (badness 10000) in alignment at lines 200--200
[][][]
 []


Underfull \hbox (badness 10000) in paragraph at lines 200--201

 []

/Users/abhishekmishra/Library/CloudStorage/Dropbox/repo/Website/public/files/cv.tex:209: Package array Error:  Illegal pream-token (\color{ruleblue}\vrule width 0.5pt): `c' used.

See the array package documentation for explanation.
Type  H <return>  for immediate help.
 ...                                              
                                                  
l.209 }
       
Try typing  <return>  to proceed.
If that doesn't work, type  X <return>  to quit.

/Users/abhishekmishra/Library/CloudStorage/Dropbox/repo/Website/public/files/cv.tex:209: Package array Error:  Illegal pream-token (\color{ruleblue}\vrule width 0.5pt): `c' used.

See the array package documentation for explanation.
Type  H <return>  for immediate help.
 ...                                              
                                                  
l.209 }
       
Try typing  <return>  to proceed.
If that doesn't work, type  X <return>  to quit.


/Users/abhishekmishra/Library/CloudStorage/Dropbox/repo/Website/public/files/cv.tex:209: Package array Error:  Illegal pream-token (\color{ruleblue}\vrule width 0.5pt): `c' used.

See the array package documentation for explanation.
Type  H <return>  for immediate help.
 ...                                              
                                                  
l.209 }
       
Try typing  <return>  to proceed.
If that doesn't work, type  X <return>  to quit.


Underfull \hbox (badness 10000) in paragraph at lines 209--209
[]|\T1/lmr/m/n/10 Web-
 []


Overfull \hbox (121.32898pt too wide) in alignment at lines 209--209
[][][]
 []


Underfull \hbox (badness 10000) in paragraph at lines 209--210

 []

/Users/abhishekmishra/Library/CloudStorage/Dropbox/repo/Website/public/files/cv.tex:214: Package array Error:  Illegal pream-token (\color{ruleblue}\vrule width 0.5pt): `c' used.

See the array package documentation for explanation.
Type  H <return>  for immediate help.
 ...                                              
                                                  
l.214 }
       
Try typing  <return>  to proceed.
If that doesn't work, type  X <return>  to quit.

/Users/abhishekmishra/Library/CloudStorage/Dropbox/repo/Website/public/files/cv.tex:214: Package array Error:  Illegal pream-token (\color{ruleblue}\vrule width 0.5pt): `c' used.

See the array package documentation for explanation.
Type  H <return>  for immediate help.
 ...                                              
                                                  
l.214 }
       
Try typing  <return>  to proceed.
If that doesn't work, type  X <return>  to quit.


/Users/abhishekmishra/Library/CloudStorage/Dropbox/repo/Website/public/files/cv.tex:214: Package array Error:  Illegal pream-token (\color{ruleblue}\vrule width 0.5pt): `c' used.

See the array package documentation for explanation.
Type  H <return>  for immediate help.
 ...                                              
                                                  
l.214 }
       
Try typing  <return>  to proceed.
If that doesn't work, type  X <return>  to quit.


Overfull \hbox (240.65215pt too wide) in alignment at lines 214--214
[][][]
 []


Underfull \hbox (badness 10000) in paragraph at lines 214--215

 []



[2] (./cv.aux)
 ***********
LaTeX2e <2024-11-01> patch level 2
L3 programming layer <2025-01-18>
 ***********


Package rerunfilecheck Warning: File `cv.out' has changed.
(rerunfilecheck)                Rerun to get outlines right
(rerunfilecheck)                or use package `bookmark'.

Package rerunfilecheck Info: Checksums for `cv.out':
(rerunfilecheck)             Before: <no file>
(rerunfilecheck)             After:  D41D8CD98F00B204E9800998ECF8427E;0.
 ) 
Here is how much of TeX's memory you used:
 10306 strings out of 473190
 159800 string characters out of 5715800
 587257 words of memory out of 5000000
 33446 multiletter control sequences out of 15000+600000
 592408 words of font info for 54 fonts, out of 8000000 for 9000
 1141 hyphenation exceptions out of 8191
 75i,9n,79p,1268b,433s stack positions out of 10000i,1000n,20000p,200000b,200000s
</usr/local/texlive/2025/texmf-dist/fonts/type1/public/lm/lmbx10.pfb></usr/local/texlive/2025/texmf-dist/fonts/type1/public/lm/lmbx12.pfb></usr/local/texlive/2025/texmf-dist/fonts/type1/public/lm/lmr10.pfb></usr/local/texlive/2025/texmf-dist/fonts/type1/public/lm/lmr17.pfb></usr/local/texlive/2025/texmf-dist/fonts/type1/public/lm/lmri10.pfb></usr/local/texlive/2025/texmf-dist/fonts/type1/public/lm/lmsy10.pfb>
Output written on cv.pdf (2 pages, 143113 bytes).
PDF statistics:
 58 PDF objects out of 1000 (max. 8388607)
 35 compressed objects within 1 object stream
 3 named destinations out of 1000 (max. 500000)
 1 words of extra memory for PDF output out of 10000 (max. 10000000)

